<?xml version="1.0" encoding="UTF-8"?>
<testsuite xmlns:xsi="http://www.w3.org/2001/XMLSchema-instance" xsi:noNamespaceSchemaLocation="https://maven.apache.org/surefire/maven-surefire-plugin/xsd/surefire-test-report-3.0.xsd" version="3.0" name="com.project.OnlineBookStoreApplicationTests" time="6.721" tests="1" errors="0" skipped="0" failures="0">
  <properties>
[...]
</properties>
  <testcase name="contextLoads" classname="com.project.OnlineBookStoreApplicationTests" time="0.543">
    <system-out><![CDATA[19:25:39.142 [main] INFO org.springframework.test.context.support.AnnotationConfigContextLoaderUtils -- Could not detect default configuration classes for test class [com.project.OnlineBookStoreApplicationTests]: OnlineBookStoreApplicationTests does not declare any static, non-private, non-final, nested classes annotated with @Configuration.
19:25:39.264 [main] INFO org.springframework.boot.test.context.SpringBootTestContextBootstrapper -- Found @SpringBootConfiguration com.project.OnlineBookStoreApplication for test class com.project.OnlineBookStoreApplicationTests
19:25:39.417 [main] INFO org.springframework.boot.devtools.restart.RestartApplicationListener -- Restart disabled due to context in which it is running

  .   ____          _            __ _ _
 /\\ / ___'_ __ _ _(_)_ __  __ _ \ \ \ \
( ( )\___ | '_ | '_| | '_ \/ _` | \ \ \ \
 \\/  ___)| |_)| | | | | || (_| |  ) ) ) )
  '  |____| .__|_| |_|_| |_\__, | / / / /
 =========|_|==============|___/=/_/_/_/

 :: Spring Boot ::                (v3.3.7)

2025-01-05T19:25:39.803+05:30  INFO 1504 --- [OnlineBookStore] [           main] c.p.OnlineBookStoreApplicationTests      : Starting OnlineBookStoreApplicationTests using Java 21.0.5 with PID 1504 (started by madda in D:\JAVA\Spring_gfg\OnlineBookStore)
2025-01-05T19:25:39.805+05:30  INFO 1504 --- [OnlineBookStore] [           main] c.p.OnlineBookStoreApplicationTests      : No active profile set, falling back to 1 default profile: "default"
2025-01-05T19:25:40.775+05:30  INFO 1504 --- [OnlineBookStore] [           main] .s.d.r.c.RepositoryConfigurationDelegate : Bootstrapping Spring Data JPA repositories in DEFAULT mode.
2025-01-05T19:25:40.859+05:30  INFO 1504 --- [OnlineBookStore] [           main] .s.d.r.c.RepositoryConfigurationDelegate : Finished Spring Data repository scanning in 71 ms. Found 3 JPA repository interfaces.
2025-01-05T19:25:41.708+05:30  INFO 1504 --- [OnlineBookStore] [           main] o.hibernate.jpa.internal.util.LogHelper  : HHH000204: Processing PersistenceUnitInfo [name: default]
2025-01-05T19:25:41.790+05:30  INFO 1504 --- [OnlineBookStore] [           main] org.hibernate.Version                    : HHH000412: Hibernate ORM core version 6.5.3.Final
2025-01-05T19:25:41.881+05:30  INFO 1504 --- [OnlineBookStore] [           main] o.h.c.internal.RegionFactoryInitiator    : HHH000026: Second-level cache disabled
2025-01-05T19:25:42.417+05:30  INFO 1504 --- [OnlineBookStore] [           main] o.s.o.j.p.SpringPersistenceUnitInfo      : No LoadTimeWeaver setup: ignoring JPA class transformer
2025-01-05T19:25:42.458+05:30  INFO 1504 --- [OnlineBookStore] [           main] com.zaxxer.hikari.HikariDataSource       : HikariPool-1 - Starting...
2025-01-05T19:25:42.863+05:30  INFO 1504 --- [OnlineBookStore] [           main] com.zaxxer.hikari.pool.HikariPool        : HikariPool-1 - Added connection com.mysql.cj.jdbc.ConnectionImpl@4ae49387
2025-01-05T19:25:42.865+05:30  INFO 1504 --- [OnlineBookStore] [           main] com.zaxxer.hikari.HikariDataSource       : HikariPool-1 - Start completed.
2025-01-05T19:25:42.907+05:30  WARN 1504 --- [OnlineBookStore] [           main] org.hibernate.orm.deprecation            : HHH90000025: MySQL8Dialect does not need to be specified explicitly using 'hibernate.dialect' (remove the property setting and it will be selected by default)
2025-01-05T19:25:42.908+05:30  WARN 1504 --- [OnlineBookStore] [           main] org.hibernate.orm.deprecation            : HHH90000026: MySQL8Dialect has been deprecated; use org.hibernate.dialect.MySQLDialect instead
2025-01-05T19:25:42.933+05:30 DEBUG 1504 --- [OnlineBookStore] [           main] o.h.t.d.sql.spi.DdlTypeRegistry          : addDescriptor(12, org.hibernate.type.descriptor.sql.internal.CapacityDependentDdlType@a120b9) replaced previous registration(org.hibernate.type.descriptor.sql.internal.CapacityDependentDdlType@333e5fb6)
2025-01-05T19:25:42.933+05:30 DEBUG 1504 --- [OnlineBookStore] [           main] o.h.t.d.sql.spi.DdlTypeRegistry          : addDescriptor(-9, org.hibernate.type.descriptor.sql.internal.CapacityDependentDdlType@3b7b0b57) replaced previous registration(org.hibernate.type.descriptor.sql.internal.CapacityDependentDdlType@21a9f95b)
2025-01-05T19:25:42.933+05:30 DEBUG 1504 --- [OnlineBookStore] [           main] o.h.t.d.sql.spi.DdlTypeRegistry          : addDescriptor(-3, org.hibernate.type.descriptor.sql.internal.CapacityDependentDdlType@2804b13f) replaced previous registration(org.hibernate.type.descriptor.sql.internal.CapacityDependentDdlType@69069866)
2025-01-05T19:25:42.934+05:30 DEBUG 1504 --- [OnlineBookStore] [           main] o.h.t.d.sql.spi.DdlTypeRegistry          : addDescriptor(4003, org.hibernate.type.descriptor.sql.internal.DdlTypeImpl@ac417a2) replaced previous registration(org.hibernate.type.descriptor.sql.internal.DdlTypeImpl@64c95480)
2025-01-05T19:25:42.934+05:30 DEBUG 1504 --- [OnlineBookStore] [           main] o.h.t.d.sql.spi.DdlTypeRegistry          : addDescriptor(4001, org.hibernate.type.descriptor.sql.internal.DdlTypeImpl@69499c6f) replaced previous registration(org.hibernate.type.descriptor.sql.internal.DdlTypeImpl@3451fc88)
2025-01-05T19:25:42.934+05:30 DEBUG 1504 --- [OnlineBookStore] [           main] o.h.t.d.sql.spi.DdlTypeRegistry          : addDescriptor(4002, org.hibernate.type.descriptor.sql.internal.DdlTypeImpl@1e0294a7) replaced previous registration(org.hibernate.type.descriptor.sql.internal.DdlTypeImpl@3041beb3)
2025-01-05T19:25:42.934+05:30 DEBUG 1504 --- [OnlineBookStore] [           main] o.h.t.d.sql.spi.DdlTypeRegistry          : addDescriptor(2004, org.hibernate.type.descriptor.sql.internal.CapacityDependentDdlType@15cee630) replaced previous registration(org.hibernate.type.descriptor.sql.internal.DdlTypeImpl@2e40fdbd)
2025-01-05T19:25:42.934+05:30 DEBUG 1504 --- [OnlineBookStore] [           main] o.h.t.d.sql.spi.DdlTypeRegistry          : addDescriptor(2005, org.hibernate.type.descriptor.sql.internal.CapacityDependentDdlType@246de37e) replaced previous registration(org.hibernate.type.descriptor.sql.internal.DdlTypeImpl@19647566)
2025-01-05T19:25:42.934+05:30 DEBUG 1504 --- [OnlineBookStore] [           main] o.h.t.d.sql.spi.DdlTypeRegistry          : addDescriptor(2011, org.hibernate.type.descriptor.sql.internal.CapacityDependentDdlType@7b79ff1c) replaced previous registration(org.hibernate.type.descriptor.sql.internal.DdlTypeImpl@527d48db)
2025-01-05T19:25:43.870+05:30  INFO 1504 --- [OnlineBookStore] [           main] o.h.e.t.j.p.i.JtaPlatformInitiator       : HHH000489: No JTA platform available (set 'hibernate.transaction.jta.platform' to enable JTA platform integration)
2025-01-05T19:25:43.911+05:30 DEBUG 1504 --- [OnlineBookStore] [           main] org.hibernate.SQL                        : create table admin (id integer not null, address varchar(255), email varchar(255), name varchar(255), password varchar(255), phonenumber bigint, registrationdate date, usertype varchar(255), primary key (id)) engine=InnoDB
Hibernate: create table admin (id integer not null, address varchar(255), email varchar(255), name varchar(255), password varchar(255), phonenumber bigint, registrationdate date, usertype varchar(255), primary key (id)) engine=InnoDB
2025-01-05T19:25:43.925+05:30 DEBUG 1504 --- [OnlineBookStore] [           main] org.hibernate.SQL                        : create table book (bookid integer not null, bookauthor varchar(255), bookprice float(53), booktitle varchar(255), description varchar(255), genre varchar(255), isbn varchar(255), publication_date varchar(255), publisher varchar(255), stock integer, primary key (bookid)) engine=InnoDB
Hibernate: create table book (bookid integer not null, bookauthor varchar(255), bookprice float(53), booktitle varchar(255), description varchar(255), genre varchar(255), isbn varchar(255), publication_date varchar(255), publisher varchar(255), stock integer, primary key (bookid)) engine=InnoDB
2025-01-05T19:25:43.940+05:30 DEBUG 1504 --- [OnlineBookStore] [           main] org.hibernate.SQL                        : create table user (uid integer not null, registrationdate date, uaddress varchar(255), uage integer, uemail varchar(255), uname varchar(255), upassword varchar(255), uphonenumber varchar(255), primary key (uid)) engine=InnoDB
Hibernate: create table user (uid integer not null, registrationdate date, uaddress varchar(255), uage integer, uemail varchar(255), uname varchar(255), upassword varchar(255), uphonenumber varchar(255), primary key (uid)) engine=InnoDB
2025-01-05T19:25:43.953+05:30 DEBUG 1504 --- [OnlineBookStore] [           main] org.hibernate.SQL                        : create table userdto (uid integer not null, registrationdate date, uaddress varchar(255), uage integer, uemail varchar(255), uname varchar(255), upassword varchar(255), uphonenumber varchar(255), primary key (uid)) engine=InnoDB
Hibernate: create table userdto (uid integer not null, registrationdate date, uaddress varchar(255), uage integer, uemail varchar(255), uname varchar(255), upassword varchar(255), uphonenumber varchar(255), primary key (uid)) engine=InnoDB
2025-01-05T19:25:43.966+05:30  INFO 1504 --- [OnlineBookStore] [           main] j.LocalContainerEntityManagerFactoryBean : Initialized JPA EntityManagerFactory for persistence unit 'default'
2025-01-05T19:25:44.576+05:30  WARN 1504 --- [OnlineBookStore] [           main] JpaBaseConfiguration$JpaWebConfiguration : spring.jpa.open-in-view is enabled by default. Therefore, database queries may be performed during view rendering. Explicitly configure spring.jpa.open-in-view to disable this warning
2025-01-05T19:25:45.093+05:30  INFO 1504 --- [OnlineBookStore] [           main] c.p.OnlineBookStoreApplicationTests      : Started OnlineBookStoreApplicationTests in 5.691 seconds (process running for 6.674)
]]></system-out>
    <system-err><![CDATA[WARNING: A Java agent has been loaded dynamically (C:\Users\madda\.m2\repository\net\bytebuddy\byte-buddy-agent\1.14.19\byte-buddy-agent-1.14.19.jar)
WARNING: If a serviceability tool is in use, please run with -XX:+EnableDynamicAgentLoading to hide this warning
WARNING: If a serviceability tool is not in use, please run with -Djdk.instrument.traceUsage for more information
WARNING: Dynamic loading of agents will be disallowed by default in a future release
]]></system-err>
  </testcase>
</testsuite>